producer_class	xtools.gsea.GseaPreranked
producer_timestamp	1744288808178
param	rpt_label	KEGG_Mammary_Analysis2
param	rnd_seed	timestamp
param	set_min	15
param	zip_report	false
param	create_svgs	false
param	scoring_scheme	weighted
param	rnk	/Users/aubreywright/Desktop/Coding/Functional Genomics/Final Project/DGErank_significant.rnk
param	norm	meandiv
param	out	/Users/aubreywright/Desktop/Coding/Functional Genomics/Final Project
param	mode	Abs_max_of_probes
param	include_only_symbols	true
param	help	false
param	set_max	500
param	gmx	ftp.broadinstitute.org://pub/gsea/msigdb/human/gene_sets/c2.cp.kegg_medicus.v2024.1.Hs.symbols.gmt
param	make_sets	true
param	plot_top_x	20
param	gui	false
param	nperm	1000
param	collapse	No_Collapse

file	/Users/aubreywright/Desktop/Coding/Functional Genomics/Final Project/KEGG_Mammary_Analysis2.GseaPreranked.1744288808178/index.html
